1612676855202	geckodriver	INFO	Listening on 127.0.0.1:51557
1612676856197	mozrunner::runner	INFO	Running command: "/usr/bin/firefox" "--marionette" "-foreground" "-no-remote" "-profile" "/tmp/rust_mozprofilewchXW9"
console.warn: SearchSettings: "get: No settings file exists, new profile?" (new Error("", "(unknown module)"))
1612676878830	Marionette	INFO	Listening on port 36441
1612676878973	Marionette	WARN	TLS certificate errors will be ignored for this session
1612676890280	Marionette	INFO	Stopped listening on port 36441

###!!! [Parent][RunMessage] Error: Channel closing: too late to send/recv, messages will be lost

1612677343864	geckodriver	INFO	Listening on 127.0.0.1:50685
1612677344869	mozrunner::runner	INFO	Running command: "/usr/bin/firefox" "--marionette" "-foreground" "-no-remote" "-profile" "/tmp/rust_mozprofileTxhaGY"
console.warn: SearchSettings: "get: No settings file exists, new profile?" (new Error("", "(unknown module)"))
1612677356931	Marionette	INFO	Listening on port 43585
1612677357162	Marionette	WARN	TLS certificate errors will be ignored for this session
1612677456723	geckodriver	INFO	Listening on 127.0.0.1:60237
1612677457718	mozrunner::runner	INFO	Running command: "/usr/bin/firefox" "--marionette" "-foreground" "-no-remote" "-profile" "/tmp/rust_mozprofileKW55pt"
console.warn: SearchSettings: "get: No settings file exists, new profile?" (new Error("", "(unknown module)"))
1612677470336	Marionette	INFO	Listening on port 41331
1612677470754	Marionette	WARN	TLS certificate errors will be ignored for this session
1612677512824	Marionette	INFO	Stopped listening on port 41331
WARNING: At least one completion condition is taking too long to complete. Conditions: [{"name":"SessionStore: flushing all windows","state":{"total":1,"current":0},"filename":"resource:///modules/sessionstore/SessionStore.jsm","lineNumber":2291,"stack":["resource:///modules/sessionstore/SessionStore.jsm:ssi_onQuitApplicationGranted:2291","resource:///modules/sessionstore/SessionStore.jsm:ssi_observe:948","chrome://marionette/content/driver.js:GeckoDriver.prototype.quit:3602","chrome://marionette/content/server.js:despatch:297","chrome://marionette/content/server.js:execute:267","chrome://marionette/content/server.js:onPacket/<:240","chrome://marionette/content/server.js:onPacket:241","chrome://marionette/content/transport.js:_onJSONObjectReady/<:504"]}] Barrier: quit-application-granted
1612677559162	geckodriver	INFO	Listening on 127.0.0.1:53769
1612677560158	mozrunner::runner	INFO	Running command: "/usr/bin/firefox" "--marionette" "-foreground" "-no-remote" "-profile" "/tmp/rust_mozprofileKWyDvF"
console.warn: SearchSettings: "get: No settings file exists, new profile?" (new Error("", "(unknown module)"))
1612677578311	Marionette	INFO	Listening on port 46417
1612677578775	Marionette	WARN	TLS certificate errors will be ignored for this session
1612677615001	geckodriver	INFO	Listening on 127.0.0.1:55017
1612677615994	mozrunner::runner	INFO	Running command: "/usr/bin/firefox" "--marionette" "-foreground" "-no-remote" "-profile" "/tmp/rust_mozprofileDjgDd6"
console.warn: SearchSettings: "get: No settings file exists, new profile?" (new Error("", "(unknown module)"))
1612677629239	Marionette	INFO	Listening on port 44995
1612677629812	Marionette	WARN	TLS certificate errors will be ignored for this session
1612677735183	geckodriver	INFO	Listening on 127.0.0.1:57203
1612677736166	mozrunner::runner	INFO	Running command: "/usr/bin/firefox" "--marionette" "-foreground" "-no-remote" "-profile" "/tmp/rust_mozprofileRdrcQd"
console.warn: SearchSettings: "get: No settings file exists, new profile?" (new Error("", "(unknown module)"))
1612677755457	Marionette	INFO	Listening on port 33263
1612677755897	Marionette	WARN	TLS certificate errors will be ignored for this session
1612677844187	Marionette	INFO	Stopped listening on port 33263
1612677910822	geckodriver	INFO	Listening on 127.0.0.1:35769
1612677911738	mozrunner::runner	INFO	Running command: "/usr/bin/firefox" "--marionette" "-foreground" "-no-remote" "-profile" "/tmp/rust_mozprofilenBOb2N"
console.warn: SearchSettings: "get: No settings file exists, new profile?" (new Error("", "(unknown module)"))
1612677929232	Marionette	INFO	Listening on port 38807
1612677929639	Marionette	WARN	TLS certificate errors will be ignored for this session
1612678153251	geckodriver	INFO	Listening on 127.0.0.1:34437
1612678154245	mozrunner::runner	INFO	Running command: "/usr/bin/firefox" "--marionette" "-foreground" "-no-remote" "-profile" "/tmp/rust_mozprofile2ADFVq"
console.warn: SearchSettings: "get: No settings file exists, new profile?" (new Error("", "(unknown module)"))
1612678173251	Marionette	INFO	Listening on port 44111
1612678173921	Marionette	WARN	TLS certificate errors will be ignored for this session
1612678205035	Marionette	INFO	Stopped listening on port 44111
console.warn: services.settings: main/partitioning-exempt-urls sync interrupted by shutdown
JavaScript error: resource://activity-stream/lib/ASRouter.jsm, line 987: NS_ERROR_ILLEGAL_VALUE: Component returned failure code: 0x80070057 (NS_ERROR_ILLEGAL_VALUE) [nsIObserverService.removeObserver]
1612736882779	geckodriver	INFO	Listening on 127.0.0.1:34723
1612736883772	mozrunner::runner	INFO	Running command: "/usr/bin/firefox" "--marionette" "-foreground" "-no-remote" "-profile" "/tmp/rust_mozprofile5DPGfF"
console.warn: SearchSettings: "get: No settings file exists, new profile?" (new Error("", "(unknown module)"))
1612736901891	Marionette	INFO	Listening on port 42507
1612736902171	Marionette	WARN	TLS certificate errors will be ignored for this session
1612736928817	Marionette	INFO	Stopped listening on port 42507

###!!! [Child][RunMessage] Error: Channel closing: too late to send/recv, messages will be lost


###!!! [Parent][RunMessage] Error: Channel closing: too late to send/recv, messages will be lost

